Sat, 23 Oct 2021 14:25:49  Task beginning ......
Sat, 23 Oct 2021 14:25:51  Detection area of hole1 average Green value : 98.62472118959109
Sat, 23 Oct 2021 14:25:51  Detection area of hole2 average Green value : 170.21899509803922
Sat, 23 Oct 2021 14:25:51  Detection area of hole3 average Green value : 157.66109813783606
Sat, 23 Oct 2021 14:25:51  Starting new HTTP connection (1): wthrcdn.etouch.cn:80
Sat, 23 Oct 2021 14:25:51  http://wthrcdn.etouch.cn:80 "GET /weather_mini?city=%E5%8D%97%E4%BA%AC HTTP/1.1" 200 409
Sat, 23 Oct 2021 14:25:51  Nanjing 2021-10-23 14:25:51 temperature : 14.0
Sat, 23 Oct 2021 14:25:51  PH : 4.797897236988127
Sat, 23 Oct 2021 14:25:51  Test limit exceeded !
Sat, 23 Oct 2021 14:25:51  Task ending !
Sat, 23 Oct 2021 14:25:51  Hole3 enzyme concentration is -99.00
Sat, 23 Oct 2021 14:25:51  Task ending !
Sat, 23 Oct 2021 14:29:09  /Users/garrix/Desktop/化学/Chemistry_django/MHealth/recognition.py changed, reloading.
Sat, 23 Oct 2021 14:29:09  Using selector: KqueueSelector
Sat, 23 Oct 2021 14:29:31  Task beginning ......
Sat, 23 Oct 2021 14:29:32  Detection area of hole1 average Green value : 98.62472118959109
Sat, 23 Oct 2021 14:29:32  Detection area of hole2 average Green value : 170.21899509803922
Sat, 23 Oct 2021 14:29:32  Detection area of hole3 average Green value : 157.66109813783606
Sat, 23 Oct 2021 14:29:32  Starting new HTTP connection (1): wthrcdn.etouch.cn:80
Sat, 23 Oct 2021 14:29:32  http://wthrcdn.etouch.cn:80 "GET /weather_mini?city=%E5%8D%97%E4%BA%AC HTTP/1.1" 200 409
Sat, 23 Oct 2021 14:29:32  Nanjing 2021-10-23 14:29:32 temperature : 14.0
Sat, 23 Oct 2021 14:29:32  PH : 4.797897236988127
Sat, 23 Oct 2021 14:29:32  Test limit exceeded !
Sat, 23 Oct 2021 14:29:32  Task ending !
Sat, 23 Oct 2021 14:29:32  Hole3 enzyme concentration is -99.00
Sat, 23 Oct 2021 14:29:32  Task ending !
Sat, 23 Oct 2021 14:30:20  /Users/garrix/Desktop/化学/Chemistry_django/MHealth/views.py changed, reloading.
Sat, 23 Oct 2021 14:30:20  Using selector: KqueueSelector
Sat, 23 Oct 2021 14:54:12  Task beginning ......
Sat, 23 Oct 2021 14:54:14  Detection area of hole1 average Green value : 98.62472118959109
Sat, 23 Oct 2021 14:54:14  Detection area of hole2 average Green value : 170.21899509803922
Sat, 23 Oct 2021 14:54:14  Detection area of hole3 average Green value : 157.66109813783606
Sat, 23 Oct 2021 14:54:14  Starting new HTTP connection (1): wthrcdn.etouch.cn:80
Sat, 23 Oct 2021 14:54:14  http://wthrcdn.etouch.cn:80 "GET /weather_mini?city=%E5%8D%97%E4%BA%AC HTTP/1.1" 200 409
Sat, 23 Oct 2021 14:54:14  Nanjing 2021-10-23 14:54:14 temperature : 14.0
Sat, 23 Oct 2021 14:54:14  PH : 4.797897236988127
Sat, 23 Oct 2021 14:54:14  Test limit exceeded !
Sat, 23 Oct 2021 14:54:14  Internal Server Error: /MHealth/index/
Traceback (most recent call last):
  File "/Users/garrix/anaconda3/anaconda3/envs/chemistry/lib/python3.7/site-packages/django/core/handlers/exception.py", line 47, in inner
    response = get_response(request)
  File "/Users/garrix/anaconda3/anaconda3/envs/chemistry/lib/python3.7/site-packages/django/core/handlers/base.py", line 181, in _get_response
    response = wrapped_callback(request, *callback_args, **callback_kwargs)
  File "/Users/garrix/Desktop/化学/Chemistry_django/MHealth/views.py", line 49, in index_view
    messages.error("Test limit exceeded !")
TypeError: error() missing 1 required positional argument: 'message'
Sat, 23 Oct 2021 14:55:14  /Users/garrix/Desktop/化学/Chemistry_django/MHealth/views.py changed, reloading.
Sat, 23 Oct 2021 14:55:14  Using selector: KqueueSelector
Sat, 23 Oct 2021 14:55:35  Task beginning ......
Sat, 23 Oct 2021 14:55:37  Detection area of hole1 average Green value : 98.62472118959109
Sat, 23 Oct 2021 14:55:37  Detection area of hole2 average Green value : 170.21899509803922
Sat, 23 Oct 2021 14:55:37  Detection area of hole3 average Green value : 157.66109813783606
Sat, 23 Oct 2021 14:55:37  Starting new HTTP connection (1): wthrcdn.etouch.cn:80
Sat, 23 Oct 2021 14:55:37  http://wthrcdn.etouch.cn:80 "GET /weather_mini?city=%E5%8D%97%E4%BA%AC HTTP/1.1" 200 409
Sat, 23 Oct 2021 14:55:37  Nanjing 2021-10-23 14:55:37 temperature : 14.0
Sat, 23 Oct 2021 14:55:37  PH : 4.797897236988127
Sat, 23 Oct 2021 14:55:37  Test limit exceeded !
Sat, 23 Oct 2021 14:56:41  /Users/garrix/Desktop/化学/Chemistry_django/MHealth/views.py changed, reloading.
Sat, 23 Oct 2021 14:56:41  Using selector: KqueueSelector
Sat, 23 Oct 2021 14:57:34  Task beginning ......
Sat, 23 Oct 2021 14:57:36  Detection area of hole1 average Green value : 98.62472118959109
Sat, 23 Oct 2021 14:57:36  Detection area of hole2 average Green value : 170.21899509803922
Sat, 23 Oct 2021 14:57:36  Detection area of hole3 average Green value : 157.66109813783606
Sat, 23 Oct 2021 14:57:36  Starting new HTTP connection (1): wthrcdn.etouch.cn:80
Sat, 23 Oct 2021 14:57:36  http://wthrcdn.etouch.cn:80 "GET /weather_mini?city=%E5%8D%97%E4%BA%AC HTTP/1.1" 200 409
Sat, 23 Oct 2021 14:57:36  Nanjing 2021-10-23 14:57:36 temperature : 14.0
Sat, 23 Oct 2021 14:57:36  PH : 4.797897236988127
Sat, 23 Oct 2021 14:57:36  Test limit exceeded !
Sat, 23 Oct 2021 14:57:36  Internal Server Error: /MHealth/index/
Traceback (most recent call last):
  File "/Users/garrix/anaconda3/anaconda3/envs/chemistry/lib/python3.7/site-packages/django/core/handlers/exception.py", line 47, in inner
    response = get_response(request)
  File "/Users/garrix/anaconda3/anaconda3/envs/chemistry/lib/python3.7/site-packages/django/core/handlers/base.py", line 181, in _get_response
    response = wrapped_callback(request, *callback_args, **callback_kwargs)
  File "/Users/garrix/Desktop/化学/Chemistry_django/MHealth/views.py", line 50, in index_view
    return HttpResponseRedirect(reverse('/MHealth/upload/'))
NameError: name 'reverse' is not defined
Sat, 23 Oct 2021 15:03:01  Not Found: /images/53e3489f99504dc3a1b42abf981bed7f.gif
Sat, 23 Oct 2021 15:03:03  Task beginning ......
Sat, 23 Oct 2021 15:03:04  Detection area of hole1 average Green value : 98.62472118959109
Sat, 23 Oct 2021 15:03:04  Detection area of hole2 average Green value : 170.21899509803922
Sat, 23 Oct 2021 15:03:04  Detection area of hole3 average Green value : 157.66109813783606
Sat, 23 Oct 2021 15:03:04  Starting new HTTP connection (1): wthrcdn.etouch.cn:80
Sat, 23 Oct 2021 15:03:05  http://wthrcdn.etouch.cn:80 "GET /weather_mini?city=%E5%8D%97%E4%BA%AC HTTP/1.1" 200 409
Sat, 23 Oct 2021 15:03:05  Nanjing 2021-10-23 15:03:05 temperature : 14.0
Sat, 23 Oct 2021 15:03:05  PH : 4.797897236988127
Sat, 23 Oct 2021 15:03:05  Test limit exceeded !
Sat, 23 Oct 2021 15:03:05  Internal Server Error: /MHealth/index/
Traceback (most recent call last):
  File "/Users/garrix/anaconda3/anaconda3/envs/chemistry/lib/python3.7/site-packages/django/core/handlers/exception.py", line 47, in inner
    response = get_response(request)
  File "/Users/garrix/anaconda3/anaconda3/envs/chemistry/lib/python3.7/site-packages/django/core/handlers/base.py", line 181, in _get_response
    response = wrapped_callback(request, *callback_args, **callback_kwargs)
  File "/Users/garrix/Desktop/化学/Chemistry_django/MHealth/views.py", line 50, in index_view
    return HttpResponseRedirect(reverse('/MHealth/upload/'))
NameError: name 'reverse' is not defined
Sat, 23 Oct 2021 15:03:34  Not Found: /images/53e3489f99504dc3a1b42abf981bed7f.gif
Sat, 23 Oct 2021 15:03:36  Task beginning ......
Sat, 23 Oct 2021 15:03:37  Detection area of hole1 average Green value : 98.62472118959109
Sat, 23 Oct 2021 15:03:37  Detection area of hole2 average Green value : 170.21899509803922
Sat, 23 Oct 2021 15:03:37  Detection area of hole3 average Green value : 157.66109813783606
Sat, 23 Oct 2021 15:03:37  Starting new HTTP connection (1): wthrcdn.etouch.cn:80
Sat, 23 Oct 2021 15:03:37  http://wthrcdn.etouch.cn:80 "GET /weather_mini?city=%E5%8D%97%E4%BA%AC HTTP/1.1" 200 409
Sat, 23 Oct 2021 15:03:37  Nanjing 2021-10-23 15:03:37 temperature : 14.0
Sat, 23 Oct 2021 15:03:37  PH : 4.797897236988127
Sat, 23 Oct 2021 15:03:37  Test limit exceeded !
Sat, 23 Oct 2021 15:03:37  Internal Server Error: /MHealth/index/
Traceback (most recent call last):
  File "/Users/garrix/anaconda3/anaconda3/envs/chemistry/lib/python3.7/site-packages/django/core/handlers/exception.py", line 47, in inner
    response = get_response(request)
  File "/Users/garrix/anaconda3/anaconda3/envs/chemistry/lib/python3.7/site-packages/django/core/handlers/base.py", line 181, in _get_response
    response = wrapped_callback(request, *callback_args, **callback_kwargs)
  File "/Users/garrix/Desktop/化学/Chemistry_django/MHealth/views.py", line 50, in index_view
    return HttpResponseRedirect(reverse('/MHealth/upload/'))
NameError: name 'reverse' is not defined
Sat, 23 Oct 2021 15:03:43  /Users/garrix/Desktop/化学/Chemistry_django/MHealth/views.py changed, reloading.
Sat, 23 Oct 2021 15:03:43  Using selector: KqueueSelector
Sat, 23 Oct 2021 15:04:04  Task beginning ......
Sat, 23 Oct 2021 15:04:06  Detection area of hole1 average Green value : 98.62472118959109
Sat, 23 Oct 2021 15:04:06  Detection area of hole2 average Green value : 170.21899509803922
Sat, 23 Oct 2021 15:04:06  Detection area of hole3 average Green value : 157.66109813783606
Sat, 23 Oct 2021 15:04:06  Starting new HTTP connection (1): wthrcdn.etouch.cn:80
Sat, 23 Oct 2021 15:04:06  http://wthrcdn.etouch.cn:80 "GET /weather_mini?city=%E5%8D%97%E4%BA%AC HTTP/1.1" 200 409
Sat, 23 Oct 2021 15:04:06  Nanjing 2021-10-23 15:04:06 temperature : 14.0
Sat, 23 Oct 2021 15:04:06  PH : 4.797897236988127
Sat, 23 Oct 2021 15:04:06  Test limit exceeded !
Sat, 23 Oct 2021 15:09:17  /Users/garrix/Desktop/化学/Chemistry_django/MHealth/views.py changed, reloading.
Sat, 23 Oct 2021 15:09:17  Using selector: KqueueSelector
Sat, 23 Oct 2021 15:09:38  Task beginning ......
Sat, 23 Oct 2021 15:09:40  Detection area of hole1 average Green value : 98.62472118959109
Sat, 23 Oct 2021 15:09:40  Detection area of hole2 average Green value : 170.21899509803922
Sat, 23 Oct 2021 15:09:40  Detection area of hole3 average Green value : 157.66109813783606
Sat, 23 Oct 2021 15:09:40  Starting new HTTP connection (1): wthrcdn.etouch.cn:80
Sat, 23 Oct 2021 15:09:40  http://wthrcdn.etouch.cn:80 "GET /weather_mini?city=%E5%8D%97%E4%BA%AC HTTP/1.1" 200 409
Sat, 23 Oct 2021 15:09:40  Nanjing 2021-10-23 15:09:40 temperature : 14.0
Sat, 23 Oct 2021 15:09:40  PH : 4.797897236988127
Sat, 23 Oct 2021 15:09:40  Test limit exceeded !
Sat, 23 Oct 2021 15:14:51  Using selector: KqueueSelector
Sat, 23 Oct 2021 15:15:13  Task beginning ......
Sat, 23 Oct 2021 15:15:15  Detection area of hole1 average Green value : 98.62472118959109
Sat, 23 Oct 2021 15:15:15  Detection area of hole2 average Green value : 170.21899509803922
Sat, 23 Oct 2021 15:15:15  Detection area of hole3 average Green value : 157.66109813783606
Sat, 23 Oct 2021 15:15:15  Starting new HTTP connection (1): wthrcdn.etouch.cn:80
Sat, 23 Oct 2021 15:15:15  http://wthrcdn.etouch.cn:80 "GET /weather_mini?city=%E5%8D%97%E4%BA%AC HTTP/1.1" 200 409
Sat, 23 Oct 2021 15:15:15  Nanjing 2021-10-23 15:15:15 temperature : 14.0
Sat, 23 Oct 2021 15:15:15  PH : 4.797897236988127
Sat, 23 Oct 2021 15:15:15  Test limit exceeded !
Sat, 23 Oct 2021 15:17:09  /Users/garrix/Desktop/化学/Chemistry_django/MHealth/views.py changed, reloading.
Sat, 23 Oct 2021 15:17:09  Using selector: KqueueSelector
Sat, 23 Oct 2021 15:18:22  Task beginning ......
Sat, 23 Oct 2021 15:18:24  Detection area of hole1 average Green value : 98.62472118959109
Sat, 23 Oct 2021 15:18:24  Detection area of hole2 average Green value : 170.21899509803922
Sat, 23 Oct 2021 15:18:24  Detection area of hole3 average Green value : 157.66109813783606
Sat, 23 Oct 2021 15:18:24  Starting new HTTP connection (1): wthrcdn.etouch.cn:80
Sat, 23 Oct 2021 15:18:24  http://wthrcdn.etouch.cn:80 "GET /weather_mini?city=%E5%8D%97%E4%BA%AC HTTP/1.1" 200 409
Sat, 23 Oct 2021 15:18:24  Nanjing 2021-10-23 15:18:24 temperature : 14.0
Sat, 23 Oct 2021 15:18:24  PH : 4.797897236988127
Sat, 23 Oct 2021 15:18:24  Test limit exceeded !
Sat, 23 Oct 2021 15:18:24  Hole3 enzyme concentration is 0.00
Sat, 23 Oct 2021 15:18:24  Task ending !
Sat, 23 Oct 2021 15:18:24  ****************************************************************************************************
Sat, 23 Oct 2021 15:21:51  /Users/garrix/Desktop/化学/Chemistry_django/MHealth/views.py changed, reloading.
Sat, 23 Oct 2021 15:21:51  Using selector: KqueueSelector
Sat, 23 Oct 2021 15:26:22  Task beginning ......
Sat, 23 Oct 2021 15:26:24  Detection area of hole1 average Green value : 98.62472118959109
Sat, 23 Oct 2021 15:26:24  Detection area of hole2 average Green value : 170.21899509803922
Sat, 23 Oct 2021 15:26:24  Detection area of hole3 average Green value : 157.66109813783606
Sat, 23 Oct 2021 15:26:24  Starting new HTTP connection (1): wthrcdn.etouch.cn:80
Sat, 23 Oct 2021 15:26:24  http://wthrcdn.etouch.cn:80 "GET /weather_mini?city=%E5%8D%97%E4%BA%AC HTTP/1.1" 200 409
Sat, 23 Oct 2021 15:26:24  Nanjing 2021-10-23 15:26:24 temperature : 14.0
Sat, 23 Oct 2021 15:26:24  PH : 4.797897236988127
Sat, 23 Oct 2021 15:26:24  Test limit exceeded !
Sat, 23 Oct 2021 15:27:21  /Users/garrix/Desktop/化学/Chemistry_django/MHealth/views.py changed, reloading.
Sat, 23 Oct 2021 15:27:21  Using selector: KqueueSelector
Sat, 23 Oct 2021 15:27:59  Task beginning ......
Sat, 23 Oct 2021 15:28:01  Detection area of hole1 average Green value : 98.62472118959109
Sat, 23 Oct 2021 15:28:01  Detection area of hole2 average Green value : 170.21899509803922
Sat, 23 Oct 2021 15:28:01  Detection area of hole3 average Green value : 157.66109813783606
Sat, 23 Oct 2021 15:28:01  Starting new HTTP connection (1): wthrcdn.etouch.cn:80
Sat, 23 Oct 2021 15:28:01  http://wthrcdn.etouch.cn:80 "GET /weather_mini?city=%E5%8D%97%E4%BA%AC HTTP/1.1" 200 409
Sat, 23 Oct 2021 15:28:01  Nanjing 2021-10-23 15:28:01 temperature : 14.0
Sat, 23 Oct 2021 15:28:01  PH : 4.797897236988127
Sat, 23 Oct 2021 15:28:01  Test limit exceeded !
Sat, 23 Oct 2021 15:29:00  Not Found: /images/53e3489f99504dc3a1b42abf981bed7f.gif
Sat, 23 Oct 2021 15:29:02  Task beginning ......
Sat, 23 Oct 2021 15:29:03  Detection area of hole1 average Green value : 98.62472118959109
Sat, 23 Oct 2021 15:29:03  Detection area of hole2 average Green value : 170.21899509803922
Sat, 23 Oct 2021 15:29:03  Detection area of hole3 average Green value : 157.66109813783606
Sat, 23 Oct 2021 15:29:03  Starting new HTTP connection (1): wthrcdn.etouch.cn:80
Sat, 23 Oct 2021 15:29:03  http://wthrcdn.etouch.cn:80 "GET /weather_mini?city=%E5%8D%97%E4%BA%AC HTTP/1.1" 200 409
Sat, 23 Oct 2021 15:29:03  Nanjing 2021-10-23 15:29:03 temperature : 14.0
Sat, 23 Oct 2021 15:29:03  PH : 4.797897236988127
Sat, 23 Oct 2021 15:29:03  Test limit exceeded !
Sat, 23 Oct 2021 15:29:18  Using selector: KqueueSelector
Sat, 23 Oct 2021 15:29:38  Task beginning ......
Sat, 23 Oct 2021 15:29:40  Detection area of hole1 average Green value : 98.62472118959109
Sat, 23 Oct 2021 15:29:40  Detection area of hole2 average Green value : 170.21899509803922
Sat, 23 Oct 2021 15:29:40  Detection area of hole3 average Green value : 157.66109813783606
Sat, 23 Oct 2021 15:29:40  Starting new HTTP connection (1): wthrcdn.etouch.cn:80
Sat, 23 Oct 2021 15:29:40  http://wthrcdn.etouch.cn:80 "GET /weather_mini?city=%E5%8D%97%E4%BA%AC HTTP/1.1" 200 409
Sat, 23 Oct 2021 15:29:40  Nanjing 2021-10-23 15:29:40 temperature : 14.0
Sat, 23 Oct 2021 15:29:40  PH : 4.797897236988127
Sat, 23 Oct 2021 15:29:40  Test limit exceeded !
Sat, 23 Oct 2021 15:29:58  Using selector: KqueueSelector
Sat, 23 Oct 2021 15:30:29  Task beginning ......
Sat, 23 Oct 2021 15:30:31  Detection area of hole1 average Green value : 98.62472118959109
Sat, 23 Oct 2021 15:30:31  Detection area of hole2 average Green value : 170.21899509803922
Sat, 23 Oct 2021 15:30:31  Detection area of hole3 average Green value : 157.66109813783606
Sat, 23 Oct 2021 15:30:31  Starting new HTTP connection (1): wthrcdn.etouch.cn:80
Sat, 23 Oct 2021 15:30:31  http://wthrcdn.etouch.cn:80 "GET /weather_mini?city=%E5%8D%97%E4%BA%AC HTTP/1.1" 200 409
Sat, 23 Oct 2021 15:30:31  Nanjing 2021-10-23 15:30:31 temperature : 14.0
Sat, 23 Oct 2021 15:30:31  PH : 4.797897236988127
Sat, 23 Oct 2021 15:30:31  Test limit exceeded !
Sat, 23 Oct 2021 15:30:53  Using selector: KqueueSelector
Sat, 23 Oct 2021 15:31:25  Task beginning ......
Sat, 23 Oct 2021 15:31:27  Detection area of hole1 average Green value : 98.62472118959109
Sat, 23 Oct 2021 15:31:27  Detection area of hole2 average Green value : 170.21899509803922
Sat, 23 Oct 2021 15:31:27  Detection area of hole3 average Green value : 157.66109813783606
Sat, 23 Oct 2021 15:31:27  Starting new HTTP connection (1): wthrcdn.etouch.cn:80
Sat, 23 Oct 2021 15:31:27  http://wthrcdn.etouch.cn:80 "GET /weather_mini?city=%E5%8D%97%E4%BA%AC HTTP/1.1" 200 409
Sat, 23 Oct 2021 15:31:27  Nanjing 2021-10-23 15:31:27 temperature : 14.0
Sat, 23 Oct 2021 15:31:27  PH : 4.797897236988127
Sat, 23 Oct 2021 15:31:27  Test limit exceeded !
Sat, 23 Oct 2021 15:33:10  Not Found: /images/53e3489f99504dc3a1b42abf981bed7f.gif
Sat, 23 Oct 2021 15:33:11  Task beginning ......
Sat, 23 Oct 2021 15:33:13  Detection area of hole1 average Green value : 98.62472118959109
Sat, 23 Oct 2021 15:33:13  Detection area of hole2 average Green value : 170.21899509803922
Sat, 23 Oct 2021 15:33:13  Detection area of hole3 average Green value : 157.66109813783606
Sat, 23 Oct 2021 15:33:13  Starting new HTTP connection (1): wthrcdn.etouch.cn:80
Sat, 23 Oct 2021 15:33:13  http://wthrcdn.etouch.cn:80 "GET /weather_mini?city=%E5%8D%97%E4%BA%AC HTTP/1.1" 200 409
Sat, 23 Oct 2021 15:33:13  Nanjing 2021-10-23 15:33:13 temperature : 14.0
Sat, 23 Oct 2021 15:33:13  PH : 4.797897236988127
Sat, 23 Oct 2021 15:33:13  Test limit exceeded !
Sat, 23 Oct 2021 15:33:19  /Users/garrix/Desktop/化学/Chemistry_django/MHealth/views.py changed, reloading.
Sat, 23 Oct 2021 15:33:19  Using selector: KqueueSelector
Sat, 23 Oct 2021 15:33:42  Task beginning ......
Sat, 23 Oct 2021 15:33:44  Detection area of hole1 average Green value : 98.62472118959109
Sat, 23 Oct 2021 15:33:44  Detection area of hole2 average Green value : 170.21899509803922
Sat, 23 Oct 2021 15:33:44  Detection area of hole3 average Green value : 157.66109813783606
Sat, 23 Oct 2021 15:33:44  Starting new HTTP connection (1): wthrcdn.etouch.cn:80
Sat, 23 Oct 2021 15:33:44  http://wthrcdn.etouch.cn:80 "GET /weather_mini?city=%E5%8D%97%E4%BA%AC HTTP/1.1" 200 409
Sat, 23 Oct 2021 15:33:44  Nanjing 2021-10-23 15:33:44 temperature : 14.0
Sat, 23 Oct 2021 15:33:44  PH : 4.797897236988127
Sat, 23 Oct 2021 15:33:44  Test limit exceeded !
Sat, 23 Oct 2021 15:34:40  /Users/garrix/Desktop/化学/Chemistry_django/MHealth/views.py changed, reloading.
Sat, 23 Oct 2021 15:34:40  Using selector: KqueueSelector
Sat, 23 Oct 2021 15:39:57  Task beginning ......
Sat, 23 Oct 2021 15:39:59  Detection area of hole1 average Green value : 98.62472118959109
Sat, 23 Oct 2021 15:39:59  Detection area of hole2 average Green value : 170.21899509803922
Sat, 23 Oct 2021 15:39:59  Detection area of hole3 average Green value : 157.66109813783606
Sat, 23 Oct 2021 15:39:59  Starting new HTTP connection (1): wthrcdn.etouch.cn:80
Sat, 23 Oct 2021 15:39:59  http://wthrcdn.etouch.cn:80 "GET /weather_mini?city=%E5%8D%97%E4%BA%AC HTTP/1.1" 200 408
Sat, 23 Oct 2021 15:39:59  Nanjing 2021-10-23 15:39:59 temperature : 16.0
Sat, 23 Oct 2021 15:39:59  PH : 4.686334321835051
Sat, 23 Oct 2021 15:39:59  Test limit exceeded !
Sat, 23 Oct 2021 15:41:23  Not Found: /images/53e3489f99504dc3a1b42abf981bed7f.gif
Sat, 23 Oct 2021 15:41:26  Task beginning ......
Sat, 23 Oct 2021 15:41:29  Internal Server Error: /MHealth/index/
Traceback (most recent call last):
  File "/Users/garrix/anaconda3/anaconda3/envs/chemistry/lib/python3.7/site-packages/django/core/handlers/exception.py", line 47, in inner
    response = get_response(request)
  File "/Users/garrix/anaconda3/anaconda3/envs/chemistry/lib/python3.7/site-packages/django/core/handlers/base.py", line 181, in _get_response
    response = wrapped_callback(request, *callback_args, **callback_kwargs)
  File "/Users/garrix/Desktop/化学/Chemistry_django/MHealth/views.py", line 49, in index_view
    hole1_green, hole2_green, hole3_green = reg.imageProcessing(photo_path)
  File "/Users/garrix/Desktop/化学/Chemistry_django/MHealth/recognition.py", line 14, in imageProcessing
    n1, n2, n3 = contours
ValueError: too many values to unpack (expected 3)
Sat, 23 Oct 2021 15:51:37  /Users/garrix/Desktop/化学/Chemistry_django/Chemistry_django/settings.py changed, reloading.
Sat, 23 Oct 2021 15:51:37  Using selector: KqueueSelector
Sat, 23 Oct 2021 15:52:23  Task beginning ......
Sat, 23 Oct 2021 15:52:25  Internal Server Error: /MHealth/index/
Traceback (most recent call last):
  File "/Users/garrix/anaconda3/anaconda3/envs/chemistry/lib/python3.7/site-packages/django/core/handlers/exception.py", line 47, in inner
    response = get_response(request)
  File "/Users/garrix/anaconda3/anaconda3/envs/chemistry/lib/python3.7/site-packages/django/core/handlers/base.py", line 181, in _get_response
    response = wrapped_callback(request, *callback_args, **callback_kwargs)
  File "/Users/garrix/Desktop/化学/Chemistry_django/MHealth/views.py", line 54, in index_view
    hole1_green, hole2_green, hole3_green = reg.imageProcessing(photo_path)
  File "/Users/garrix/Desktop/化学/Chemistry_django/MHealth/recognition.py", line 14, in imageProcessing
    n1, n2, n3 = contours
ValueError: too many values to unpack (expected 3)
Sat, 23 Oct 2021 15:57:52  /Users/garrix/Desktop/化学/Chemistry_django/Chemistry_django/settings.py changed, reloading.
Sat, 23 Oct 2021 15:57:52  Using selector: KqueueSelector
Sat, 23 Oct 2021 15:58:24  Task beginning ......
Sat, 23 Oct 2021 15:58:25  Internal Server Error: /MHealth/index/
Traceback (most recent call last):
  File "/Users/garrix/anaconda3/anaconda3/envs/chemistry/lib/python3.7/site-packages/django/core/handlers/exception.py", line 47, in inner
    response = get_response(request)
  File "/Users/garrix/anaconda3/anaconda3/envs/chemistry/lib/python3.7/site-packages/django/core/handlers/base.py", line 181, in _get_response
    response = wrapped_callback(request, *callback_args, **callback_kwargs)
  File "/Users/garrix/Desktop/化学/Chemistry_django/MHealth/views.py", line 54, in index_view
    hole1_green, hole2_green, hole3_green = reg.imageProcessing(photo_path)
  File "/Users/garrix/Desktop/化学/Chemistry_django/MHealth/recognition.py", line 14, in imageProcessing
    n1, n2, n3 = contours
ValueError: too many values to unpack (expected 3)
Sat, 23 Oct 2021 15:59:47  /Users/garrix/Desktop/化学/Chemistry_django/Chemistry_django/settings.py changed, reloading.
Sat, 23 Oct 2021 15:59:47  Using selector: KqueueSelector
Sat, 23 Oct 2021 16:01:56  Task beginning ......
Sat, 23 Oct 2021 16:01:56  Found: /MHealth/index/
Traceback (most recent call last):
  File "/Users/garrix/anaconda3/anaconda3/envs/chemistry/lib/python3.7/site-packages/django/core/handlers/exception.py", line 47, in inner
    response = get_response(request)
  File "/Users/garrix/anaconda3/anaconda3/envs/chemistry/lib/python3.7/site-packages/django/core/handlers/base.py", line 181, in _get_response
    response = wrapped_callback(request, *callback_args, **callback_kwargs)
  File "/Users/garrix/Desktop/化学/Chemistry_django/MHealth/views.py", line 54, in index_view
    hole1_green, hole2_green, hole3_green = reg.imageProcessing(photo_path)
  File "/Users/garrix/Desktop/化学/Chemistry_django/MHealth/recognition.py", line 14, in imageProcessing
    n1, n2, n3 = contours
ValueError: too many values to unpack (expected 3)
Sat, 23 Oct 2021 16:01:57  Not Found: /static/jquery-filer.svg
Sat, 23 Oct 2021 16:03:40  /Users/garrix/Desktop/化学/Chemistry_django/MHealth/views.py changed, reloading.
Sat, 23 Oct 2021 16:03:40  Using selector: KqueueSelector
Sat, 23 Oct 2021 16:04:01  Task beginning ......
Sat, 23 Oct 2021 16:04:01  Found: /MHealth/index/
Traceback (most recent call last):
  File "/Users/garrix/anaconda3/anaconda3/envs/chemistry/lib/python3.7/site-packages/django/core/handlers/exception.py", line 47, in inner
    response = get_response(request)
  File "/Users/garrix/anaconda3/anaconda3/envs/chemistry/lib/python3.7/site-packages/django/core/handlers/base.py", line 181, in _get_response
    response = wrapped_callback(request, *callback_args, **callback_kwargs)
  File "/Users/garrix/Desktop/化学/Chemistry_django/MHealth/views.py", line 55, in index_view
    hole1_green, hole2_green, hole3_green = reg.imageProcessing(photo_path)
  File "/Users/garrix/Desktop/化学/Chemistry_django/MHealth/recognition.py", line 14, in imageProcessing
    n1, n2, n3 = contours
ValueError: too many values to unpack (expected 3)
Sat, 23 Oct 2021 16:04:04  Not Found: /static/jquery-filer.svg
Sat, 23 Oct 2021 16:04:11  Not Found: /images/53e3489f99504dc3a1b42abf981bed7f.gif
Sat, 23 Oct 2021 16:04:12  Task beginning ......
Sat, 23 Oct 2021 16:04:14  Detection area of hole1 average Green value : 98.62472118959109
Sat, 23 Oct 2021 16:04:14  Detection area of hole2 average Green value : 170.21899509803922
Sat, 23 Oct 2021 16:04:14  Detection area of hole3 average Green value : 157.66109813783606
Sat, 23 Oct 2021 16:04:14  Starting new HTTP connection (1): wthrcdn.etouch.cn:80
Sat, 23 Oct 2021 16:04:14  http://wthrcdn.etouch.cn:80 "GET /weather_mini?city=%E5%8D%97%E4%BA%AC HTTP/1.1" 200 409
Sat, 23 Oct 2021 16:04:14  Nanjing 2021-10-23 16:04:14 temperature : 15.0
Sat, 23 Oct 2021 16:04:14  PH : 4.797897236988127
Sat, 23 Oct 2021 16:04:14  Test limit exceeded !
Sat, 23 Oct 2021 16:04:16  Not Found: /static/jquery-filer.svg
Sat, 23 Oct 2021 16:06:12  /Users/garrix/Desktop/化学/Chemistry_django/MHealth/views.py changed, reloading.
Sat, 23 Oct 2021 16:06:12  Using selector: KqueueSelector
Sun, 24 Oct 2021 03:38:51  Task beginning ......
Sun, 24 Oct 2021 03:38:53  Detection area of hole1 average Green value : 98.62472118959109
Sun, 24 Oct 2021 03:38:53  Detection area of hole2 average Green value : 170.21899509803922
Sun, 24 Oct 2021 03:38:53  Detection area of hole3 average Green value : 157.66109813783606
Sun, 24 Oct 2021 03:38:53  Starting new HTTP connection (1): wthrcdn.etouch.cn:80
Sun, 24 Oct 2021 03:38:53  http://wthrcdn.etouch.cn:80 "GET /weather_mini?city=%E5%8D%97%E4%BA%AC HTTP/1.1" 200 401
Sun, 24 Oct 2021 03:38:53  Nanjing 2021-10-24 03:38:53 temperature : 19.0
Sun, 24 Oct 2021 03:38:53  PH : 4.686334321835051
Sun, 24 Oct 2021 03:38:53  Test limit exceeded !
Sun, 24 Oct 2021 03:38:55  Not Found: /static/jquery-filer.svg
Sun, 24 Oct 2021 03:39:55  Not Found: /images/53e3489f99504dc3a1b42abf981bed7f.gif
Sun, 24 Oct 2021 03:39:56  Task beginning ......
Sun, 24 Oct 2021 03:39:56  Detection area of hole1 average Green value : 71.0
Sun, 24 Oct 2021 03:39:56  Detection area of hole2 average Green value : 164.475
Sun, 24 Oct 2021 03:39:56  Detection area of hole3 average Green value : 160.1153846153846
Sun, 24 Oct 2021 03:39:56  Starting new HTTP connection (1): wthrcdn.etouch.cn:80
Sun, 24 Oct 2021 03:39:56  http://wthrcdn.etouch.cn:80 "GET /weather_mini?city=%E5%8D%97%E4%BA%AC HTTP/1.1" 200 401
Sun, 24 Oct 2021 03:39:56  Nanjing 2021-10-24 03:39:56 temperature : 19.0
Sun, 24 Oct 2021 03:39:56  PH : 6.493640845070422
Sun, 24 Oct 2021 03:39:56  Hole3 enzyme concentration is 176.27
Sun, 24 Oct 2021 03:39:56  Task ending !
Sun, 24 Oct 2021 03:39:56  ****************************************************************************************************
Sun, 24 Oct 2021 03:39:56  Not Found: /static/scan.css
Sun, 24 Oct 2021 03:40:08  Not Found: /static/login.css
Sun, 24 Oct 2021 03:40:08  Not Found: /static/login.css
Sun, 24 Oct 2021 03:41:59  Not Found: /static/login.css
Sun, 24 Oct 2021 03:43:47  Using selector: KqueueSelector
Sun, 24 Oct 2021 03:55:54  Task beginning ......
Sun, 24 Oct 2021 03:55:55  Detection area of hole1 average Green value : 71.0
Sun, 24 Oct 2021 03:55:55  Detection area of hole2 average Green value : 164.475
Sun, 24 Oct 2021 03:55:55  Detection area of hole3 average Green value : 160.1153846153846
Sun, 24 Oct 2021 03:55:55  Starting new HTTP connection (1): wthrcdn.etouch.cn:80
Sun, 24 Oct 2021 03:55:55  http://wthrcdn.etouch.cn:80 "GET /weather_mini?city=%E5%8D%97%E4%BA%AC HTTP/1.1" 200 396
Sun, 24 Oct 2021 03:55:55  Nanjing 2021-10-24 03:55:55 temperature : 20.0
Sun, 24 Oct 2021 03:55:55  PH : 6.589575704225351
Sun, 24 Oct 2021 03:55:55  Hole3 enzyme concentration is 155.60
Sun, 24 Oct 2021 03:55:55  Task ending !
Sun, 24 Oct 2021 03:55:55  ****************************************************************************************************
Sun, 24 Oct 2021 03:57:56  /Users/garrix/Desktop/化学/Chemistry_django/Chemistry_django/settings.py changed, reloading.
Sun, 24 Oct 2021 03:57:56  Using selector: KqueueSelector
Sun, 24 Oct 2021 04:37:04  Task beginning ......
Sun, 24 Oct 2021 04:37:06  Detection area of hole1 average Green value : 98.62472118959109
Sun, 24 Oct 2021 04:37:06  Detection area of hole2 average Green value : 170.21899509803922
Sun, 24 Oct 2021 04:37:06  Detection area of hole3 average Green value : 157.66109813783606
Sun, 24 Oct 2021 04:37:06  Starting new HTTP connection (1): wthrcdn.etouch.cn:80
Sun, 24 Oct 2021 04:37:06  http://wthrcdn.etouch.cn:80 "GET /weather_mini?city=%E5%8D%97%E4%BA%AC HTTP/1.1" 200 402
Sun, 24 Oct 2021 04:37:06  Nanjing 2021-10-24 04:37:06 temperature : 19.0
Sun, 24 Oct 2021 04:37:06  PH : 4.686334321835051
Sun, 24 Oct 2021 04:37:06  Test limit exceeded !
Sun, 24 Oct 2021 04:37:14  Not Found: /images/53e3489f99504dc3a1b42abf981bed7f.gif
Sun, 24 Oct 2021 04:37:15  Task beginning ......
Sun, 24 Oct 2021 04:37:16  Detection area of hole1 average Green value : 71.0
Sun, 24 Oct 2021 04:37:16  Detection area of hole2 average Green value : 164.475
Sun, 24 Oct 2021 04:37:16  Detection area of hole3 average Green value : 160.1153846153846
Sun, 24 Oct 2021 04:37:16  Starting new HTTP connection (1): wthrcdn.etouch.cn:80
Sun, 24 Oct 2021 04:37:16  http://wthrcdn.etouch.cn:80 "GET /weather_mini?city=%E5%8D%97%E4%BA%AC HTTP/1.1" 200 402
Sun, 24 Oct 2021 04:37:16  Nanjing 2021-10-24 04:37:16 temperature : 19.0
Sun, 24 Oct 2021 04:37:16  PH : 6.493640845070422
Sun, 24 Oct 2021 04:37:16  Hole3 enzyme concentration is 176.27
Sun, 24 Oct 2021 04:37:16  Task ending !
Sun, 24 Oct 2021 04:37:16  ****************************************************************************************************
Sun, 24 Oct 2021 04:38:38  /Users/garrix/Desktop/化学/Chemistry_django/Chemistry_django/settings.py changed, reloading.
Sun, 24 Oct 2021 04:38:38  Using selector: KqueueSelector
Sun, 24 Oct 2021 04:39:11  Task beginning ......
Sun, 24 Oct 2021 04:39:11  Found: /MHealth/index/
Traceback (most recent call last):
  File "/Users/garrix/anaconda3/anaconda3/envs/chemistry/lib/python3.7/site-packages/django/core/handlers/exception.py", line 47, in inner
    response = get_response(request)
  File "/Users/garrix/anaconda3/anaconda3/envs/chemistry/lib/python3.7/site-packages/django/core/handlers/base.py", line 181, in _get_response
    response = wrapped_callback(request, *callback_args, **callback_kwargs)
  File "/Users/garrix/Desktop/化学/Chemistry_django/MHealth/views.py", line 55, in index_view
    hole1_green, hole2_green, hole3_green = reg.imageProcessing(photo_path)
  File "/Users/garrix/Desktop/化学/Chemistry_django/MHealth/recognition.py", line 14, in imageProcessing
    n1, n2, n3 = contours
ValueError: too many values to unpack (expected 3)
Sun, 24 Oct 2021 08:02:14  Not Found: /
Sun, 24 Oct 2021 08:02:38  Not Found: /images/53e3489f99504dc3a1b42abf981bed7f.gif
Sun, 24 Oct 2021 08:02:40  Task beginning ......
Sun, 24 Oct 2021 08:02:40  Detection area of hole1 average Green value : 71.0
Sun, 24 Oct 2021 08:02:40  Detection area of hole2 average Green value : 164.475
Sun, 24 Oct 2021 08:02:40  Detection area of hole3 average Green value : 160.1153846153846
Sun, 24 Oct 2021 08:02:40  Starting new HTTP connection (1): wthrcdn.etouch.cn:80
Sun, 24 Oct 2021 08:02:40  http://wthrcdn.etouch.cn:80 "GET /weather_mini?city=%E5%8D%97%E4%BA%AC HTTP/1.1" 200 394
Sun, 24 Oct 2021 08:02:40  Nanjing 2021-10-24 08:02:40 temperature : 20.0
Sun, 24 Oct 2021 08:02:40  PH : 6.589575704225351
Sun, 24 Oct 2021 08:02:40  Hole3 enzyme concentration is 155.60
Sun, 24 Oct 2021 08:02:40  Task ending !
Sun, 24 Oct 2021 08:02:40  ****************************************************************************************************
Sun, 24 Oct 2021 08:03:06  Not Found: /images/53e3489f99504dc3a1b42abf981bed7f.gif
Sun, 24 Oct 2021 08:03:11  Task beginning ......
Sun, 24 Oct 2021 08:03:13  Detection area of hole1 average Green value : 98.62472118959109
Sun, 24 Oct 2021 08:03:13  Detection area of hole2 average Green value : 170.21899509803922
Sun, 24 Oct 2021 08:03:13  Detection area of hole3 average Green value : 157.66109813783606
Sun, 24 Oct 2021 08:03:13  Starting new HTTP connection (1): wthrcdn.etouch.cn:80
Sun, 24 Oct 2021 08:03:13  http://wthrcdn.etouch.cn:80 "GET /weather_mini?city=%E5%8D%97%E4%BA%AC HTTP/1.1" 200 394
Sun, 24 Oct 2021 08:03:13  Nanjing 2021-10-24 08:03:13 temperature : 20.0
Sun, 24 Oct 2021 08:03:13  PH : 4.873815753245367
Sun, 24 Oct 2021 08:03:13  Test limit exceeded !
Sun, 24 Oct 2021 08:03:24  Not Found: /images/53e3489f99504dc3a1b42abf981bed7f.gif
Sun, 24 Oct 2021 08:03:31  Task beginning ......
Sun, 24 Oct 2021 08:03:31  Found: /MHealth/index/
Traceback (most recent call last):
  File "/Users/garrix/anaconda3/anaconda3/envs/chemistry/lib/python3.7/site-packages/django/core/handlers/exception.py", line 47, in inner
    response = get_response(request)
  File "/Users/garrix/anaconda3/anaconda3/envs/chemistry/lib/python3.7/site-packages/django/core/handlers/base.py", line 181, in _get_response
    response = wrapped_callback(request, *callback_args, **callback_kwargs)
  File "/Users/garrix/Desktop/化学/Chemistry_django/MHealth/views.py", line 55, in index_view
    hole1_green, hole2_green, hole3_green = reg.imageProcessing(photo_path)
  File "/Users/garrix/Desktop/化学/Chemistry_django/MHealth/recognition.py", line 14, in imageProcessing
    n1, n2, n3 = contours
ValueError: too many values to unpack (expected 3)
Sun, 24 Oct 2021 08:04:05  Not Found: /images/53e3489f99504dc3a1b42abf981bed7f.gif
Sun, 24 Oct 2021 08:04:07  Task beginning ......
Sun, 24 Oct 2021 08:04:07  Detection area of hole1 average Green value : 71.0
Sun, 24 Oct 2021 08:04:07  Detection area of hole2 average Green value : 164.475
Sun, 24 Oct 2021 08:04:07  Detection area of hole3 average Green value : 160.1153846153846
Sun, 24 Oct 2021 08:04:07  Starting new HTTP connection (1): wthrcdn.etouch.cn:80
Sun, 24 Oct 2021 08:04:07  http://wthrcdn.etouch.cn:80 "GET /weather_mini?city=%E5%8D%97%E4%BA%AC HTTP/1.1" 200 394
Sun, 24 Oct 2021 08:04:07  Nanjing 2021-10-24 08:04:07 temperature : 20.0
Sun, 24 Oct 2021 08:04:07  PH : 6.589575704225351
Sun, 24 Oct 2021 08:04:07  Hole3 enzyme concentration is 155.60
Sun, 24 Oct 2021 08:04:07  Task ending !
Sun, 24 Oct 2021 08:04:07  ****************************************************************************************************
Sun, 24 Oct 2021 08:08:24  Using selector: KqueueSelector
Sun, 24 Oct 2021 08:08:45  Task beginning ......
Sun, 24 Oct 2021 08:08:45  Detection area of hole1 average Green value : 71.0
Sun, 24 Oct 2021 08:08:45  Detection area of hole2 average Green value : 164.475
Sun, 24 Oct 2021 08:08:45  Detection area of hole3 average Green value : 160.1153846153846
Sun, 24 Oct 2021 08:08:45  Starting new HTTP connection (1): wthrcdn.etouch.cn:80
Sun, 24 Oct 2021 08:08:45  http://wthrcdn.etouch.cn:80 "GET /weather_mini?city=%E5%8D%97%E4%BA%AC HTTP/1.1" 200 394
Sun, 24 Oct 2021 08:08:46  Nanjing 2021-10-24 08:08:46 temperature : 20.0
Sun, 24 Oct 2021 08:08:46  PH : 6.589575704225351
Sun, 24 Oct 2021 08:08:46  Hole3 enzyme concentration is 155.60
Sun, 24 Oct 2021 08:08:46  Task ending !
Sun, 24 Oct 2021 08:08:46  ****************************************************************************************************
Sun, 24 Oct 2021 08:09:08  Using selector: KqueueSelector
Sun, 24 Oct 2021 08:09:26  Task beginning ......
Sun, 24 Oct 2021 08:09:26  Detection area of hole1 average Green value : 71.0
Sun, 24 Oct 2021 08:09:26  Detection area of hole2 average Green value : 164.475
Sun, 24 Oct 2021 08:09:26  Detection area of hole3 average Green value : 160.1153846153846
Sun, 24 Oct 2021 08:09:26  Starting new HTTP connection (1): wthrcdn.etouch.cn:80
Sun, 24 Oct 2021 08:09:26  http://wthrcdn.etouch.cn:80 "GET /weather_mini?city=%E5%8D%97%E4%BA%AC HTTP/1.1" 200 394
Sun, 24 Oct 2021 08:09:26  Nanjing 2021-10-24 08:09:26 temperature : 20.0
Sun, 24 Oct 2021 08:09:26  PH : 6.589575704225351
Sun, 24 Oct 2021 08:09:26  Hole3 enzyme concentration is 155.60
Sun, 24 Oct 2021 08:09:26  Task ending !
Sun, 24 Oct 2021 08:09:26  ****************************************************************************************************
Sun, 24 Oct 2021 08:10:04  Not Found: /images/53e3489f99504dc3a1b42abf981bed7f.gif
Sun, 24 Oct 2021 08:10:06  Task beginning ......
Sun, 24 Oct 2021 08:10:06  Detection area of hole1 average Green value : 71.0
Sun, 24 Oct 2021 08:10:06  Detection area of hole2 average Green value : 164.475
Sun, 24 Oct 2021 08:10:06  Detection area of hole3 average Green value : 160.1153846153846
Sun, 24 Oct 2021 08:10:06  Starting new HTTP connection (1): wthrcdn.etouch.cn:80
Sun, 24 Oct 2021 08:10:06  http://wthrcdn.etouch.cn:80 "GET /weather_mini?city=%E5%8D%97%E4%BA%AC HTTP/1.1" 200 394
Sun, 24 Oct 2021 08:10:06  Nanjing 2021-10-24 08:10:06 temperature : 20.0
Sun, 24 Oct 2021 08:10:06  PH : 6.589575704225351
Sun, 24 Oct 2021 08:10:06  Hole3 enzyme concentration is 155.60
Sun, 24 Oct 2021 08:10:06  Task ending !
Sun, 24 Oct 2021 08:10:06  ****************************************************************************************************
Sun, 24 Oct 2021 08:10:46  Not Found: /images/53e3489f99504dc3a1b42abf981bed7f.gif
Sun, 24 Oct 2021 08:10:47  Task beginning ......
Sun, 24 Oct 2021 08:10:47  Detection area of hole1 average Green value : 71.0
Sun, 24 Oct 2021 08:10:47  Detection area of hole2 average Green value : 164.475
Sun, 24 Oct 2021 08:10:47  Detection area of hole3 average Green value : 160.1153846153846
Sun, 24 Oct 2021 08:10:47  Starting new HTTP connection (1): wthrcdn.etouch.cn:80
Sun, 24 Oct 2021 08:10:47  http://wthrcdn.etouch.cn:80 "GET /weather_mini?city=%E5%8D%97%E4%BA%AC HTTP/1.1" 200 394
Sun, 24 Oct 2021 08:10:47  Nanjing 2021-10-24 08:10:47 temperature : 20.0
Sun, 24 Oct 2021 08:10:47  PH : 6.589575704225351
Sun, 24 Oct 2021 08:10:47  Hole3 enzyme concentration is 155.60
Sun, 24 Oct 2021 08:10:47  Task ending !
Sun, 24 Oct 2021 08:10:47  ****************************************************************************************************
Sun, 24 Oct 2021 08:12:20  Not Found: /images/53e3489f99504dc3a1b42abf981bed7f.gif
Sun, 24 Oct 2021 08:12:21  Task beginning ......
Sun, 24 Oct 2021 08:12:22  Detection area of hole1 average Green value : 71.0
Sun, 24 Oct 2021 08:12:22  Detection area of hole2 average Green value : 164.475
Sun, 24 Oct 2021 08:12:22  Detection area of hole3 average Green value : 160.1153846153846
Sun, 24 Oct 2021 08:12:22  Starting new HTTP connection (1): wthrcdn.etouch.cn:80
Sun, 24 Oct 2021 08:12:22  http://wthrcdn.etouch.cn:80 "GET /weather_mini?city=%E5%8D%97%E4%BA%AC HTTP/1.1" 200 394
Sun, 24 Oct 2021 08:12:22  Nanjing 2021-10-24 08:12:22 temperature : 20.0
Sun, 24 Oct 2021 08:12:22  PH : 6.589575704225351
Sun, 24 Oct 2021 08:12:22  Hole3 enzyme concentration is 155.60
Sun, 24 Oct 2021 08:12:22  Task ending !
Sun, 24 Oct 2021 08:12:22  ****************************************************************************************************
Sun, 24 Oct 2021 08:12:53  Not Found: /images/53e3489f99504dc3a1b42abf981bed7f.gif
Sun, 24 Oct 2021 08:12:53  Not Found: /images/53e3489f99504dc3a1b42abf981bed7f.gif
Sun, 24 Oct 2021 08:14:36  Using selector: KqueueSelector
Sun, 24 Oct 2021 08:26:43  Task beginning ......
Sun, 24 Oct 2021 08:26:43  Detection area of hole1 average Green value : 71.0
Sun, 24 Oct 2021 08:26:43  Detection area of hole2 average Green value : 164.475
Sun, 24 Oct 2021 08:26:43  Detection area of hole3 average Green value : 160.1153846153846
Sun, 24 Oct 2021 08:26:43  Starting new HTTP connection (1): wthrcdn.etouch.cn:80
Sun, 24 Oct 2021 08:26:43  http://wthrcdn.etouch.cn:80 "GET /weather_mini?city=%E5%8D%97%E4%BA%AC HTTP/1.1" 200 394
Sun, 24 Oct 2021 08:26:43  Nanjing 2021-10-24 08:26:43 temperature : 20.0
Sun, 24 Oct 2021 08:26:43  PH : 6.589575704225351
Sun, 24 Oct 2021 08:26:43  Hole3 enzyme concentration is 155.60
Sun, 24 Oct 2021 08:26:43  Task ending !
Sun, 24 Oct 2021 08:26:43  ****************************************************************************************************
Sun, 24 Oct 2021 08:57:54  Using selector: KqueueSelector
Sun, 24 Oct 2021 08:58:44  Task beginning ......
Sun, 24 Oct 2021 08:58:44  Detection area of hole1 average Green value : 71.0
Sun, 24 Oct 2021 08:58:44  Detection area of hole2 average Green value : 164.475
Sun, 24 Oct 2021 08:58:44  Detection area of hole3 average Green value : 160.1153846153846
Sun, 24 Oct 2021 08:58:44  Starting new HTTP connection (1): wthrcdn.etouch.cn:80
Sun, 24 Oct 2021 08:58:44  http://wthrcdn.etouch.cn:80 "GET /weather_mini?city=%E5%8D%97%E4%BA%AC HTTP/1.1" 200 395
Sun, 24 Oct 2021 08:58:44  Nanjing 2021-10-24 08:58:44 temperature : 19.0
Sun, 24 Oct 2021 08:58:44  PH : 6.493640845070422
Sun, 24 Oct 2021 08:58:44  Hole3 enzyme concentration is 176.27
Sun, 24 Oct 2021 08:58:44  Task ending !
Sun, 24 Oct 2021 08:58:44  ****************************************************************************************************
Sun, 24 Oct 2021 09:02:00  Using selector: KqueueSelector
Sun, 24 Oct 2021 09:19:40  Task beginning ......
Sun, 24 Oct 2021 09:19:40  Detection area of hole1 average Green value : 71.0
Sun, 24 Oct 2021 09:19:40  Detection area of hole2 average Green value : 164.475
Sun, 24 Oct 2021 09:19:40  Detection area of hole3 average Green value : 160.1153846153846
Sun, 24 Oct 2021 09:19:40  Starting new HTTP connection (1): wthrcdn.etouch.cn:80
Sun, 24 Oct 2021 09:19:40  http://wthrcdn.etouch.cn:80 "GET /weather_mini?city=%E5%8D%97%E4%BA%AC HTTP/1.1" 200 395
Sun, 24 Oct 2021 09:19:40  Nanjing 2021-10-24 09:19:40 temperature : 19.0
Sun, 24 Oct 2021 09:19:40  PH : 6.493640845070422
Sun, 24 Oct 2021 09:19:40  Hole3 enzyme concentration is 176.27
Sun, 24 Oct 2021 09:19:40  Task ending !
Sun, 24 Oct 2021 09:19:40  ****************************************************************************************************
Sun, 24 Oct 2021 09:19:54  Found: /MHealth/login/
Traceback (most recent call last):
  File "/Users/garrix/anaconda3/anaconda3/envs/chemistry/lib/python3.7/site-packages/django/core/handlers/exception.py", line 47, in inner
    response = get_response(request)
  File "/Users/garrix/anaconda3/anaconda3/envs/chemistry/lib/python3.7/site-packages/django/core/handlers/base.py", line 188, in _get_response
    self.check_response(response, callback)
  File "/Users/garrix/anaconda3/anaconda3/envs/chemistry/lib/python3.7/site-packages/django/core/handlers/base.py", line 311, in check_response
    "instead." % name
ValueError: The view MHealth.views.login_view didn't return an HttpResponse object. It returned None instead.
Sun, 24 Oct 2021 09:20:25  Not Found: /images/53e3489f99504dc3a1b42abf981bed7f.gif
Sun, 24 Oct 2021 09:20:29  Task beginning ......
Sun, 24 Oct 2021 09:20:29  Found: /MHealth/index/
Traceback (most recent call last):
  File "/Users/garrix/anaconda3/anaconda3/envs/chemistry/lib/python3.7/site-packages/django/core/handlers/exception.py", line 47, in inner
    response = get_response(request)
  File "/Users/garrix/anaconda3/anaconda3/envs/chemistry/lib/python3.7/site-packages/django/core/handlers/base.py", line 181, in _get_response
    response = wrapped_callback(request, *callback_args, **callback_kwargs)
  File "/Users/garrix/Desktop/化学/Chemistry_django/MHealth/views.py", line 55, in index_view
    hole1_green, hole2_green, hole3_green = reg.imageProcessing(photo_path)
  File "/Users/garrix/Desktop/化学/Chemistry_django/MHealth/recognition.py", line 14, in imageProcessing
    n1, n2, n3 = contours
ValueError: too many values to unpack (expected 3)
Sun, 24 Oct 2021 09:20:37  Not Found: /images/53e3489f99504dc3a1b42abf981bed7f.gif
Sun, 24 Oct 2021 09:20:39  Task beginning ......
Sun, 24 Oct 2021 09:20:41  Detection area of hole1 average Green value : 98.62472118959109
Sun, 24 Oct 2021 09:20:41  Detection area of hole2 average Green value : 170.21899509803922
Sun, 24 Oct 2021 09:20:41  Detection area of hole3 average Green value : 157.66109813783606
Sun, 24 Oct 2021 09:20:41  Starting new HTTP connection (1): wthrcdn.etouch.cn:80
Sun, 24 Oct 2021 09:20:41  http://wthrcdn.etouch.cn:80 "GET /weather_mini?city=%E5%8D%97%E4%BA%AC HTTP/1.1" 200 395
Sun, 24 Oct 2021 09:20:41  Nanjing 2021-10-24 09:20:41 temperature : 19.0
Sun, 24 Oct 2021 09:20:41  PH : 4.686334321835051
Sun, 24 Oct 2021 09:20:41  Test limit exceeded !
Sun, 24 Oct 2021 09:20:47  Not Found: /images/53e3489f99504dc3a1b42abf981bed7f.gif
Sun, 24 Oct 2021 09:20:50  Task beginning ......
Sun, 24 Oct 2021 09:20:51  Detection area of hole1 average Green value : 71.0
Sun, 24 Oct 2021 09:20:51  Detection area of hole2 average Green value : 164.475
Sun, 24 Oct 2021 09:20:51  Detection area of hole3 average Green value : 160.1153846153846
Sun, 24 Oct 2021 09:20:51  Starting new HTTP connection (1): wthrcdn.etouch.cn:80
Sun, 24 Oct 2021 09:20:51  http://wthrcdn.etouch.cn:80 "GET /weather_mini?city=%E5%8D%97%E4%BA%AC HTTP/1.1" 200 395
Sun, 24 Oct 2021 09:20:51  Nanjing 2021-10-24 09:20:51 temperature : 19.0
Sun, 24 Oct 2021 09:20:51  PH : 6.493640845070422
Sun, 24 Oct 2021 09:20:51  Hole3 enzyme concentration is 176.27
Sun, 24 Oct 2021 09:20:51  Task ending !
Sun, 24 Oct 2021 09:20:51  ****************************************************************************************************
Sun, 24 Oct 2021 09:22:01  Task beginning ......
Sun, 24 Oct 2021 09:22:01  Found: /MHealth/index/
Traceback (most recent call last):
  File "/Users/garrix/anaconda3/anaconda3/envs/chemistry/lib/python3.7/site-packages/django/core/handlers/exception.py", line 47, in inner
    response = get_response(request)
  File "/Users/garrix/anaconda3/anaconda3/envs/chemistry/lib/python3.7/site-packages/django/core/handlers/base.py", line 181, in _get_response
    response = wrapped_callback(request, *callback_args, **callback_kwargs)
  File "/Users/garrix/Desktop/化学/Chemistry_django/MHealth/views.py", line 55, in index_view
    hole1_green, hole2_green, hole3_green = reg.imageProcessing(photo_path)
  File "/Users/garrix/Desktop/化学/Chemistry_django/MHealth/recognition.py", line 14, in imageProcessing
    n1, n2, n3 = contours
ValueError: too many values to unpack (expected 3)
Sun, 24 Oct 2021 09:23:09  Using selector: KqueueSelector
Sun, 24 Oct 2021 09:28:15  Task beginning ......
Sun, 24 Oct 2021 09:28:15  Found: /MHealth/index/
Traceback (most recent call last):
  File "/Users/garrix/anaconda3/anaconda3/envs/chemistry/lib/python3.7/site-packages/django/core/handlers/exception.py", line 47, in inner
    response = get_response(request)
  File "/Users/garrix/anaconda3/anaconda3/envs/chemistry/lib/python3.7/site-packages/django/core/handlers/base.py", line 181, in _get_response
    response = wrapped_callback(request, *callback_args, **callback_kwargs)
  File "/Users/garrix/Desktop/化学/Chemistry_django/MHealth/views.py", line 55, in index_view
    hole1_green, hole2_green, hole3_green = reg.imageProcessing(photo_path)
  File "/Users/garrix/Desktop/化学/Chemistry_django/MHealth/recognition.py", line 14, in imageProcessing
    n1, n2, n3 = contours
ValueError: too many values to unpack (expected 3)
Sun, 24 Oct 2021 09:47:30  Not Found: /apple-touch-icon-120x120-precomposed.png
Sun, 24 Oct 2021 09:47:30  Not Found: /apple-touch-icon-120x120.png
Sun, 24 Oct 2021 09:47:30  Not Found: /apple-touch-icon.png
Sun, 24 Oct 2021 09:47:30  Not Found: /apple-touch-icon.png
Sun, 24 Oct 2021 09:47:55  Not Found: /apple-touch-icon-120x120-precomposed.png
Sun, 24 Oct 2021 09:47:55  Not Found: /apple-touch-icon-120x120.png
Sun, 24 Oct 2021 09:47:55  Not Found: /apple-touch-icon.png
Sun, 24 Oct 2021 09:47:55  Not Found: /apple-touch-icon.png
Sun, 24 Oct 2021 09:48:27  Not Found: /images/53e3489f99504dc3a1b42abf981bed7f.gif
Sun, 24 Oct 2021 09:48:30  Task beginning ......
Sun, 24 Oct 2021 09:48:30  Found: /MHealth/index/
Traceback (most recent call last):
  File "/Users/garrix/anaconda3/anaconda3/envs/chemistry/lib/python3.7/site-packages/django/core/handlers/exception.py", line 47, in inner
    response = get_response(request)
  File "/Users/garrix/anaconda3/anaconda3/envs/chemistry/lib/python3.7/site-packages/django/core/handlers/base.py", line 181, in _get_response
    response = wrapped_callback(request, *callback_args, **callback_kwargs)
  File "/Users/garrix/Desktop/化学/Chemistry_django/MHealth/views.py", line 55, in index_view
    hole1_green, hole2_green, hole3_green = reg.imageProcessing(photo_path)
  File "/Users/garrix/Desktop/化学/Chemistry_django/MHealth/recognition.py", line 14, in imageProcessing
    n1, n2, n3 = contours
ValueError: too many values to unpack (expected 3)
Sun, 24 Oct 2021 09:48:45  Not Found: /images/53e3489f99504dc3a1b42abf981bed7f.gif
Sun, 24 Oct 2021 09:48:49  Task beginning ......
Sun, 24 Oct 2021 09:48:49  Found: /MHealth/index/
Traceback (most recent call last):
  File "/Users/garrix/anaconda3/anaconda3/envs/chemistry/lib/python3.7/site-packages/django/core/handlers/exception.py", line 47, in inner
    response = get_response(request)
  File "/Users/garrix/anaconda3/anaconda3/envs/chemistry/lib/python3.7/site-packages/django/core/handlers/base.py", line 181, in _get_response
    response = wrapped_callback(request, *callback_args, **callback_kwargs)
  File "/Users/garrix/Desktop/化学/Chemistry_django/MHealth/views.py", line 55, in index_view
    hole1_green, hole2_green, hole3_green = reg.imageProcessing(photo_path)
  File "/Users/garrix/Desktop/化学/Chemistry_django/MHealth/recognition.py", line 14, in imageProcessing
    n1, n2, n3 = contours
ValueError: too many values to unpack (expected 3)
Sun, 24 Oct 2021 09:49:15  Not Found: /images/53e3489f99504dc3a1b42abf981bed7f.gif
Sun, 24 Oct 2021 09:49:16  Task beginning ......
Sun, 24 Oct 2021 09:49:16  Found: /MHealth/index/
Traceback (most recent call last):
  File "/Users/garrix/anaconda3/anaconda3/envs/chemistry/lib/python3.7/site-packages/django/core/handlers/exception.py", line 47, in inner
    response = get_response(request)
  File "/Users/garrix/anaconda3/anaconda3/envs/chemistry/lib/python3.7/site-packages/django/core/handlers/base.py", line 181, in _get_response
    response = wrapped_callback(request, *callback_args, **callback_kwargs)
  File "/Users/garrix/Desktop/化学/Chemistry_django/MHealth/views.py", line 55, in index_view
    hole1_green, hole2_green, hole3_green = reg.imageProcessing(photo_path)
  File "/Users/garrix/Desktop/化学/Chemistry_django/MHealth/recognition.py", line 14, in imageProcessing
    n1, n2, n3 = contours
ValueError: too many values to unpack (expected 3)
Sun, 24 Oct 2021 09:49:39  Not Found: /
Sun, 24 Oct 2021 09:49:54  Not Found: /images/53e3489f99504dc3a1b42abf981bed7f.gif
Sun, 24 Oct 2021 09:49:57  Task beginning ......
Sun, 24 Oct 2021 09:49:59  Detection area of hole1 average Green value : 98.50545973445837
Sun, 24 Oct 2021 09:49:59  Detection area of hole2 average Green value : 170.19624908065703
Sun, 24 Oct 2021 09:49:59  Detection area of hole3 average Green value : 157.6679647714337
Sun, 24 Oct 2021 09:49:59  Starting new HTTP connection (1): wthrcdn.etouch.cn:80
Sun, 24 Oct 2021 09:49:59  http://wthrcdn.etouch.cn:80 "GET /weather_mini?city=%E5%8D%97%E4%BA%AC HTTP/1.1" 200 395
Sun, 24 Oct 2021 09:49:59  Nanjing 2021-10-24 09:49:59 temperature : 19.0
Sun, 24 Oct 2021 09:49:59  PH : 4.692021892905581
Sun, 24 Oct 2021 09:49:59  Test limit exceeded !
Sun, 24 Oct 2021 09:50:01  Not Found: /images/53e3489f99504dc3a1b42abf981bed7f.gif
Sun, 24 Oct 2021 09:50:03  Task beginning ......
Sun, 24 Oct 2021 09:50:03  Detection area of hole1 average Green value : 71.0
Sun, 24 Oct 2021 09:50:03  Detection area of hole2 average Green value : 164.475
Sun, 24 Oct 2021 09:50:03  Detection area of hole3 average Green value : 160.1153846153846
Sun, 24 Oct 2021 09:50:03  Starting new HTTP connection (1): wthrcdn.etouch.cn:80
Sun, 24 Oct 2021 09:50:03  http://wthrcdn.etouch.cn:80 "GET /weather_mini?city=%E5%8D%97%E4%BA%AC HTTP/1.1" 200 395
Sun, 24 Oct 2021 09:50:03  Nanjing 2021-10-24 09:50:03 temperature : 19.0
Sun, 24 Oct 2021 09:50:03  PH : 6.493640845070422
Sun, 24 Oct 2021 09:50:03  Hole3 enzyme concentration is 176.27
Sun, 24 Oct 2021 09:50:03  Task ending !
Sun, 24 Oct 2021 09:50:03  ****************************************************************************************************
Sun, 24 Oct 2021 09:50:38  Not Found: /favicon.ico
Sun, 24 Oct 2021 09:50:56  Not Found: /images/53e3489f99504dc3a1b42abf981bed7f.gif
Sun, 24 Oct 2021 09:50:58  Task beginning ......
Sun, 24 Oct 2021 09:50:58  Found: /MHealth/index/
Traceback (most recent call last):
  File "/Users/garrix/anaconda3/anaconda3/envs/chemistry/lib/python3.7/site-packages/django/core/handlers/exception.py", line 47, in inner
    response = get_response(request)
  File "/Users/garrix/anaconda3/anaconda3/envs/chemistry/lib/python3.7/site-packages/django/core/handlers/base.py", line 181, in _get_response
    response = wrapped_callback(request, *callback_args, **callback_kwargs)
  File "/Users/garrix/Desktop/化学/Chemistry_django/MHealth/views.py", line 55, in index_view
    hole1_green, hole2_green, hole3_green = reg.imageProcessing(photo_path)
  File "/Users/garrix/Desktop/化学/Chemistry_django/MHealth/recognition.py", line 14, in imageProcessing
    n1, n2, n3 = contours
ValueError: too many values to unpack (expected 3)
Sun, 24 Oct 2021 09:51:25  Not Found: /images/53e3489f99504dc3a1b42abf981bed7f.gif
Sun, 24 Oct 2021 09:51:27  Task beginning ......
Sun, 24 Oct 2021 09:51:27  Found: /MHealth/index/
Traceback (most recent call last):
  File "/Users/garrix/anaconda3/anaconda3/envs/chemistry/lib/python3.7/site-packages/django/core/handlers/exception.py", line 47, in inner
    response = get_response(request)
  File "/Users/garrix/anaconda3/anaconda3/envs/chemistry/lib/python3.7/site-packages/django/core/handlers/base.py", line 181, in _get_response
    response = wrapped_callback(request, *callback_args, **callback_kwargs)
  File "/Users/garrix/Desktop/化学/Chemistry_django/MHealth/views.py", line 55, in index_view
    hole1_green, hole2_green, hole3_green = reg.imageProcessing(photo_path)
  File "/Users/garrix/Desktop/化学/Chemistry_django/MHealth/recognition.py", line 14, in imageProcessing
    n1, n2, n3 = contours
ValueError: too many values to unpack (expected 3)
Sun, 24 Oct 2021 09:51:35  Not Found: /images/53e3489f99504dc3a1b42abf981bed7f.gif
Sun, 24 Oct 2021 09:51:37  Task beginning ......
Sun, 24 Oct 2021 09:51:39  Detection area of hole1 average Green value : 98.50545973445837
Sun, 24 Oct 2021 09:51:39  Detection area of hole2 average Green value : 170.19624908065703
Sun, 24 Oct 2021 09:51:39  Detection area of hole3 average Green value : 157.6679647714337
Sun, 24 Oct 2021 09:51:39  Starting new HTTP connection (1): wthrcdn.etouch.cn:80
Sun, 24 Oct 2021 09:51:39  http://wthrcdn.etouch.cn:80 "GET /weather_mini?city=%E5%8D%97%E4%BA%AC HTTP/1.1" 200 395
Sun, 24 Oct 2021 09:51:39  Nanjing 2021-10-24 09:51:39 temperature : 19.0
Sun, 24 Oct 2021 09:51:39  PH : 4.692021892905581
Sun, 24 Oct 2021 09:51:39  Test limit exceeded !
Sun, 24 Oct 2021 09:52:39  Not Found: /images/53e3489f99504dc3a1b42abf981bed7f.gif
Sun, 24 Oct 2021 09:52:41  Task beginning ......
Sun, 24 Oct 2021 09:52:41  Found: /MHealth/index/
Traceback (most recent call last):
  File "/Users/garrix/anaconda3/anaconda3/envs/chemistry/lib/python3.7/site-packages/django/core/handlers/exception.py", line 47, in inner
    response = get_response(request)
  File "/Users/garrix/anaconda3/anaconda3/envs/chemistry/lib/python3.7/site-packages/django/core/handlers/base.py", line 181, in _get_response
    response = wrapped_callback(request, *callback_args, **callback_kwargs)
  File "/Users/garrix/Desktop/化学/Chemistry_django/MHealth/views.py", line 55, in index_view
    hole1_green, hole2_green, hole3_green = reg.imageProcessing(photo_path)
  File "/Users/garrix/Desktop/化学/Chemistry_django/MHealth/recognition.py", line 14, in imageProcessing
    n1, n2, n3 = contours
ValueError: too many values to unpack (expected 3)
Sun, 24 Oct 2021 09:53:30  Not Found: /images/53e3489f99504dc3a1b42abf981bed7f.gif
Sun, 24 Oct 2021 09:53:32  Task beginning ......
Sun, 24 Oct 2021 09:53:32  Found: /MHealth/index/
Traceback (most recent call last):
  File "/Users/garrix/anaconda3/anaconda3/envs/chemistry/lib/python3.7/site-packages/django/core/handlers/exception.py", line 47, in inner
    response = get_response(request)
  File "/Users/garrix/anaconda3/anaconda3/envs/chemistry/lib/python3.7/site-packages/django/core/handlers/base.py", line 181, in _get_response
    response = wrapped_callback(request, *callback_args, **callback_kwargs)
  File "/Users/garrix/Desktop/化学/Chemistry_django/MHealth/views.py", line 55, in index_view
    hole1_green, hole2_green, hole3_green = reg.imageProcessing(photo_path)
  File "/Users/garrix/Desktop/化学/Chemistry_django/MHealth/recognition.py", line 14, in imageProcessing
    n1, n2, n3 = contours
ValueError: too many values to unpack (expected 3)
Sun, 24 Oct 2021 09:53:45  Not Found: /images/53e3489f99504dc3a1b42abf981bed7f.gif
Sun, 24 Oct 2021 09:53:48  Task beginning ......
Sun, 24 Oct 2021 09:53:48  Found: /MHealth/index/
Traceback (most recent call last):
  File "/Users/garrix/anaconda3/anaconda3/envs/chemistry/lib/python3.7/site-packages/django/core/handlers/exception.py", line 47, in inner
    response = get_response(request)
  File "/Users/garrix/anaconda3/anaconda3/envs/chemistry/lib/python3.7/site-packages/django/core/handlers/base.py", line 181, in _get_response
    response = wrapped_callback(request, *callback_args, **callback_kwargs)
  File "/Users/garrix/Desktop/化学/Chemistry_django/MHealth/views.py", line 55, in index_view
    hole1_green, hole2_green, hole3_green = reg.imageProcessing(photo_path)
  File "/Users/garrix/Desktop/化学/Chemistry_django/MHealth/recognition.py", line 14, in imageProcessing
    n1, n2, n3 = contours
ValueError: too many values to unpack (expected 3)
Sun, 24 Oct 2021 09:54:40  Not Found: /images/53e3489f99504dc3a1b42abf981bed7f.gif
Sun, 24 Oct 2021 09:54:42  Task beginning ......
Sun, 24 Oct 2021 09:54:42  Found: /MHealth/index/
Traceback (most recent call last):
  File "/Users/garrix/anaconda3/anaconda3/envs/chemistry/lib/python3.7/site-packages/django/core/handlers/exception.py", line 47, in inner
    response = get_response(request)
  File "/Users/garrix/anaconda3/anaconda3/envs/chemistry/lib/python3.7/site-packages/django/core/handlers/base.py", line 181, in _get_response
    response = wrapped_callback(request, *callback_args, **callback_kwargs)
  File "/Users/garrix/Desktop/化学/Chemistry_django/MHealth/views.py", line 55, in index_view
    hole1_green, hole2_green, hole3_green = reg.imageProcessing(photo_path)
  File "/Users/garrix/Desktop/化学/Chemistry_django/MHealth/recognition.py", line 14, in imageProcessing
    n1, n2, n3 = contours
ValueError: too many values to unpack (expected 3)
Sun, 24 Oct 2021 09:55:56  Not Found: /images/53e3489f99504dc3a1b42abf981bed7f.gif
Sun, 24 Oct 2021 09:55:58  Task beginning ......
Sun, 24 Oct 2021 09:55:58  Found: /MHealth/index/
Traceback (most recent call last):
  File "/Users/garrix/anaconda3/anaconda3/envs/chemistry/lib/python3.7/site-packages/django/core/handlers/exception.py", line 47, in inner
    response = get_response(request)
  File "/Users/garrix/anaconda3/anaconda3/envs/chemistry/lib/python3.7/site-packages/django/core/handlers/base.py", line 181, in _get_response
    response = wrapped_callback(request, *callback_args, **callback_kwargs)
  File "/Users/garrix/Desktop/化学/Chemistry_django/MHealth/views.py", line 55, in index_view
    hole1_green, hole2_green, hole3_green = reg.imageProcessing(photo_path)
  File "/Users/garrix/Desktop/化学/Chemistry_django/MHealth/recognition.py", line 14, in imageProcessing
    n1, n2, n3 = contours
ValueError: too many values to unpack (expected 3)
Sun, 24 Oct 2021 09:56:46  Not Found: /images/53e3489f99504dc3a1b42abf981bed7f.gif
Sun, 24 Oct 2021 09:56:48  Task beginning ......
Sun, 24 Oct 2021 09:56:48  Detection area of hole1 average Green value : 71.0
Sun, 24 Oct 2021 09:56:48  Detection area of hole2 average Green value : 164.475
Sun, 24 Oct 2021 09:56:48  Detection area of hole3 average Green value : 160.1153846153846
Sun, 24 Oct 2021 09:56:48  Starting new HTTP connection (1): wthrcdn.etouch.cn:80
Sun, 24 Oct 2021 09:56:48  http://wthrcdn.etouch.cn:80 "GET /weather_mini?city=%E5%8D%97%E4%BA%AC HTTP/1.1" 200 395
Sun, 24 Oct 2021 09:56:48  Nanjing 2021-10-24 09:56:48 temperature : 19.0
Sun, 24 Oct 2021 09:56:48  PH : 6.493640845070422
Sun, 24 Oct 2021 09:56:48  Hole3 enzyme concentration is 176.27
Sun, 24 Oct 2021 09:56:48  Task ending !
Sun, 24 Oct 2021 09:56:48  ****************************************************************************************************
Sun, 24 Oct 2021 09:57:51  Not Found: /apple-touch-icon-120x120-precomposed.png
Sun, 24 Oct 2021 09:57:51  Not Found: /apple-touch-icon-120x120.png
Sun, 24 Oct 2021 09:57:51  Not Found: /apple-touch-icon-precomposed.png
Sun, 24 Oct 2021 09:57:51  Not Found: /apple-touch-icon.png
Sun, 24 Oct 2021 09:57:51  Not Found: /favicon.ico
Sun, 24 Oct 2021 09:57:51  Not Found: /apple-touch-icon-120x120-precomposed.png
Sun, 24 Oct 2021 09:57:51  Not Found: /apple-touch-icon-120x120.png
Sun, 24 Oct 2021 09:57:52  Not Found: /apple-touch-icon-precomposed.png
Sun, 24 Oct 2021 09:57:52  Not Found: /apple-touch-icon.png
Sun, 24 Oct 2021 09:57:52  Not Found: /favicon.ico
Sun, 24 Oct 2021 09:58:23  Not Found: /apple-touch-icon-120x120-precomposed.png
Sun, 24 Oct 2021 09:58:23  Not Found: /apple-touch-icon-120x120.png
Sun, 24 Oct 2021 09:58:23  Not Found: /apple-touch-icon.png
Sun, 24 Oct 2021 09:58:23  Not Found: /apple-touch-icon.png
Sun, 24 Oct 2021 10:00:15  Using selector: KqueueSelector
Sun, 24 Oct 2021 10:01:39  Task beginning ......
Sun, 24 Oct 2021 10:01:39  Found: /MHealth/index/
Traceback (most recent call last):
  File "/Users/garrix/anaconda3/anaconda3/envs/chemistry/lib/python3.7/site-packages/django/core/handlers/exception.py", line 47, in inner
    response = get_response(request)
  File "/Users/garrix/anaconda3/anaconda3/envs/chemistry/lib/python3.7/site-packages/django/core/handlers/base.py", line 181, in _get_response
    response = wrapped_callback(request, *callback_args, **callback_kwargs)
  File "/Users/garrix/Desktop/化学/Chemistry_django/MHealth/views.py", line 55, in index_view
    hole1_green, hole2_green, hole3_green = reg.imageProcessing(photo_path)
  File "/Users/garrix/Desktop/化学/Chemistry_django/MHealth/recognition.py", line 14, in imageProcessing
    n1, n2, n3 = contours
ValueError: too many values to unpack (expected 3)
Sun, 24 Oct 2021 10:02:14  Not Found: /images/53e3489f99504dc3a1b42abf981bed7f.gif
Sun, 24 Oct 2021 10:02:17  Task beginning ......
Sun, 24 Oct 2021 10:02:17  Detection area of hole1 average Green value : 67.0
Sun, 24 Oct 2021 10:02:17  Detection area of hole2 average Green value : 162.98742138364778
Sun, 24 Oct 2021 10:02:17  Detection area of hole3 average Green value : 159.5194805194805
Sun, 24 Oct 2021 10:02:17  Starting new HTTP connection (1): wthrcdn.etouch.cn:80
Sun, 24 Oct 2021 10:02:17  http://wthrcdn.etouch.cn:80 "GET /weather_mini?city=%E5%8D%97%E4%BA%AC HTTP/1.1" 200 395
Sun, 24 Oct 2021 10:02:17  Nanjing 2021-10-24 10:02:17 temperature : 19.0
Sun, 24 Oct 2021 10:02:17  PH : 6.848903125880034
Sun, 24 Oct 2021 10:02:17  Hole3 enzyme concentration is 167.10
Sun, 24 Oct 2021 10:02:17  Task ending !
Sun, 24 Oct 2021 10:02:17  ****************************************************************************************************
Sun, 24 Oct 2021 10:03:14  Not Found: /apple-touch-icon-120x120-precomposed.png
Sun, 24 Oct 2021 10:03:14  Not Found: /apple-touch-icon-120x120.png
Sun, 24 Oct 2021 10:03:14  Not Found: /apple-touch-icon.png
Sun, 24 Oct 2021 10:03:14  Not Found: /apple-touch-icon.png
Sun, 24 Oct 2021 10:03:47  Not Found: /apple-touch-icon-120x120-precomposed.png
Sun, 24 Oct 2021 10:03:47  Not Found: /apple-touch-icon-120x120.png
Sun, 24 Oct 2021 10:03:47  Not Found: /apple-touch-icon.png
Sun, 24 Oct 2021 10:03:47  Not Found: /apple-touch-icon.png
Sun, 24 Oct 2021 10:04:02  Not Found: /images/53e3489f99504dc3a1b42abf981bed7f.gif
Sun, 24 Oct 2021 10:04:02  Not Found: /images/53e3489f99504dc3a1b42abf981bed7f.gif
Sun, 24 Oct 2021 10:04:05  Task beginning ......
Sun, 24 Oct 2021 10:04:06  Task beginning ......
Sun, 24 Oct 2021 10:04:07  Detection area of hole1 average Green value : 98.62472118959109
Sun, 24 Oct 2021 10:04:07  Detection area of hole2 average Green value : 170.21899509803922
Sun, 24 Oct 2021 10:04:07  Detection area of hole3 average Green value : 157.66109813783606
Sun, 24 Oct 2021 10:04:07  Starting new HTTP connection (1): wthrcdn.etouch.cn:80
Sun, 24 Oct 2021 10:04:08  http://wthrcdn.etouch.cn:80 "GET /weather_mini?city=%E5%8D%97%E4%BA%AC HTTP/1.1" 200 395
Sun, 24 Oct 2021 10:04:08  Nanjing 2021-10-24 10:04:08 temperature : 19.0
Sun, 24 Oct 2021 10:04:08  PH : 4.686334321835051
Sun, 24 Oct 2021 10:04:08  Test limit exceeded !
Sun, 24 Oct 2021 10:04:09  Detection area of hole1 average Green value : 98.62472118959109
Sun, 24 Oct 2021 10:04:09  Detection area of hole2 average Green value : 170.21899509803922
Sun, 24 Oct 2021 10:04:09  Detection area of hole3 average Green value : 157.66109813783606
Sun, 24 Oct 2021 10:04:09  Starting new HTTP connection (1): wthrcdn.etouch.cn:80
Sun, 24 Oct 2021 10:04:09  http://wthrcdn.etouch.cn:80 "GET /weather_mini?city=%E5%8D%97%E4%BA%AC HTTP/1.1" 200 395
Sun, 24 Oct 2021 10:04:09  Nanjing 2021-10-24 10:04:09 temperature : 19.0
Sun, 24 Oct 2021 10:04:09  PH : 4.686334321835051
Sun, 24 Oct 2021 10:04:09  Test limit exceeded !
Sun, 24 Oct 2021 10:04:16  Not Found: /apple-touch-icon-120x120-precomposed.png
Sun, 24 Oct 2021 10:04:16  Not Found: /apple-touch-icon-120x120.png
Sun, 24 Oct 2021 10:04:16  Not Found: /apple-touch-icon.png
Sun, 24 Oct 2021 10:04:16  Not Found: /apple-touch-icon.png
Sun, 24 Oct 2021 10:04:16  Not Found: /images/53e3489f99504dc3a1b42abf981bed7f.gif
Sun, 24 Oct 2021 10:04:32  Task beginning ......
Sun, 24 Oct 2021 10:04:32  Detection area of hole1 average Green value : 171.30506329113925
Sun, 24 Oct 2021 10:04:32  Detection area of hole2 average Green value : 250.07124681933843
Sun, 24 Oct 2021 10:04:32  Detection area of hole3 average Green value : 203.52493765586036
Sun, 24 Oct 2021 10:04:32  Starting new HTTP connection (1): wthrcdn.etouch.cn:80
Sun, 24 Oct 2021 10:04:32  http://wthrcdn.etouch.cn:80 "GET /weather_mini?city=%E5%8D%97%E4%BA%AC HTTP/1.1" 200 395
Sun, 24 Oct 2021 10:04:32  Nanjing 2021-10-24 10:04:32 temperature : 19.0
Sun, 24 Oct 2021 10:04:32  PH : 3.8719900618562546
Sun, 24 Oct 2021 10:04:32  Test limit exceeded !
Sun, 24 Oct 2021 10:04:43  Not Found: /images/53e3489f99504dc3a1b42abf981bed7f.gif
Sun, 24 Oct 2021 10:04:47  Not Found: /apple-touch-icon-120x120-precomposed.png
Sun, 24 Oct 2021 10:04:48  Not Found: /apple-touch-icon-120x120.png
Sun, 24 Oct 2021 10:04:48  Not Found: /apple-touch-icon.png
Sun, 24 Oct 2021 10:04:48  Not Found: /apple-touch-icon.png
Sun, 24 Oct 2021 10:05:02  Task beginning ......
Sun, 24 Oct 2021 10:05:02  Detection area of hole1 average Green value : 71.0
Sun, 24 Oct 2021 10:05:02  Detection area of hole2 average Green value : 164.475
Sun, 24 Oct 2021 10:05:02  Detection area of hole3 average Green value : 160.1153846153846
Sun, 24 Oct 2021 10:05:02  Starting new HTTP connection (1): wthrcdn.etouch.cn:80
Sun, 24 Oct 2021 10:05:02  http://wthrcdn.etouch.cn:80 "GET /weather_mini?city=%E5%8D%97%E4%BA%AC HTTP/1.1" 200 395
Sun, 24 Oct 2021 10:05:02  Nanjing 2021-10-24 10:05:02 temperature : 19.0
Sun, 24 Oct 2021 10:05:02  PH : 6.493640845070422
Sun, 24 Oct 2021 10:05:02  Hole3 enzyme concentration is 176.27
Sun, 24 Oct 2021 10:05:02  Task ending !
Sun, 24 Oct 2021 10:05:02  ****************************************************************************************************
Sun, 24 Oct 2021 10:05:05  Found: /MHealth/login/
Traceback (most recent call last):
  File "/Users/garrix/anaconda3/anaconda3/envs/chemistry/lib/python3.7/site-packages/django/core/handlers/exception.py", line 47, in inner
    response = get_response(request)
  File "/Users/garrix/anaconda3/anaconda3/envs/chemistry/lib/python3.7/site-packages/django/core/handlers/base.py", line 188, in _get_response
    self.check_response(response, callback)
  File "/Users/garrix/anaconda3/anaconda3/envs/chemistry/lib/python3.7/site-packages/django/core/handlers/base.py", line 311, in check_response
    "instead." % name
ValueError: The view MHealth.views.login_view didn't return an HttpResponse object. It returned None instead.
Sun, 24 Oct 2021 10:06:32  Not Found: /images/53e3489f99504dc3a1b42abf981bed7f.gif
Sun, 24 Oct 2021 10:06:35  Task beginning ......
Sun, 24 Oct 2021 10:06:35  Detection area of hole1 average Green value : 71.0
Sun, 24 Oct 2021 10:06:35  Detection area of hole2 average Green value : 164.475
Sun, 24 Oct 2021 10:06:35  Detection area of hole3 average Green value : 160.1153846153846
Sun, 24 Oct 2021 10:06:35  Starting new HTTP connection (1): wthrcdn.etouch.cn:80
Sun, 24 Oct 2021 10:06:35  http://wthrcdn.etouch.cn:80 "GET /weather_mini?city=%E5%8D%97%E4%BA%AC HTTP/1.1" 200 395
Sun, 24 Oct 2021 10:06:35  Nanjing 2021-10-24 10:06:35 temperature : 19.0
Sun, 24 Oct 2021 10:06:35  PH : 6.493640845070422
Sun, 24 Oct 2021 10:06:35  Hole3 enzyme concentration is 176.27
Sun, 24 Oct 2021 10:06:35  Task ending !
Sun, 24 Oct 2021 10:06:35  ****************************************************************************************************
Sun, 24 Oct 2021 10:08:47  Not Found: /apple-touch-icon-120x120-precomposed.png
Sun, 24 Oct 2021 10:08:47  Not Found: /apple-touch-icon-120x120.png
Sun, 24 Oct 2021 10:08:47  Not Found: /apple-touch-icon.png
Sun, 24 Oct 2021 10:08:47  Not Found: /apple-touch-icon.png
Sun, 24 Oct 2021 10:09:10  Not Found: /images/53e3489f99504dc3a1b42abf981bed7f.gif
Sun, 24 Oct 2021 10:09:12  Task beginning ......
Sun, 24 Oct 2021 10:09:12  Detection area of hole1 average Green value : 71.0
Sun, 24 Oct 2021 10:09:12  Detection area of hole2 average Green value : 164.475
Sun, 24 Oct 2021 10:09:12  Detection area of hole3 average Green value : 160.1153846153846
Sun, 24 Oct 2021 10:09:12  Starting new HTTP connection (1): wthrcdn.etouch.cn:80
Sun, 24 Oct 2021 10:09:12  http://wthrcdn.etouch.cn:80 "GET /weather_mini?city=%E5%8D%97%E4%BA%AC HTTP/1.1" 200 395
Sun, 24 Oct 2021 10:09:12  Nanjing 2021-10-24 10:09:12 temperature : 19.0
Sun, 24 Oct 2021 10:09:12  PH : 6.493640845070422
Sun, 24 Oct 2021 10:09:12  Hole3 enzyme concentration is 176.27
Sun, 24 Oct 2021 10:09:12  Task ending !
Sun, 24 Oct 2021 10:09:12  ****************************************************************************************************
Tue, 26 Oct 2021 08:09:53  Using selector: KqueueSelector
